Using pre-set license
Built from '2020.3/staging' branch; Version is '2020.3.20f1 (41c4e627c95f) revision 4310246'; Using compiler version '192528614'; Build Type 'Release'
OS: 'Windows 10 Pro; OS build 19044.1645; Version 2009; 64bit' Language: 'fr' Physical Memory: 32396 MB
BatchMode: 1, IsHumanControllingUs: 0, StartBugReporterOnCrash: 0, Is64bit: 1, IsPro: 0

COMMAND LINE ARGUMENTS:
C:\Program Files\Unity\Hub\Editor\2020.3.20f1\Editor\Unity.exe
-adb2
-batchMode
-noUpm
-name
AssetImportWorker0
-projectPath
C:/Users/lesly/thecultivator
-logFile
Logs/AssetImportWorker0.log
-srvPort
60594
Successfully changed project path to: C:/Users/lesly/thecultivator
C:/Users/lesly/thecultivator
Using Asset Import Pipeline V2.
Refreshing native plugins compatible for Editor in 128.50 ms, found 27 plugins.
Preloading 4 native plugins for Editor in 7.05 ms.
Initialize engine version: 2020.3.20f1 (41c4e627c95f)
[Subsystems] Discovering subsystems at path C:/Program Files/Unity/Hub/Editor/2020.3.20f1/Editor/Data/Resources/UnitySubsystems
[Subsystems] Discovering subsystems at path C:/Users/lesly/thecultivator/Assets
GfxDevice: creating device client; threaded=0
Direct3D:
    Version:  Direct3D 11.0 [level 11.1]
    Renderer: NVIDIA Quadro T1000 (ID=0x1fb9)
    Vendor:   
    VRAM:     3962 MB
    Driver:   27.21.14.6109
Initialize mono
Mono path[0] = 'C:/Program Files/Unity/Hub/Editor/2020.3.20f1/Editor/Data/Managed'
Mono path[1] = 'C:/Program Files/Unity/Hub/Editor/2020.3.20f1/Editor/Data/MonoBleedingEdge/lib/mono/unityjit'
Mono config path = 'C:/Program Files/Unity/Hub/Editor/2020.3.20f1/Editor/Data/MonoBleedingEdge/etc'
Using monoOptions --debugger-agent=transport=dt_socket,embedding=1,server=y,suspend=n,address=127.0.0.1:56728
Begin MonoManager ReloadAssembly
Registering precompiled unity dll's ...
Register platform support module: C:/Program Files/Unity/Hub/Editor/2020.3.20f1/Editor/Data/PlaybackEngines/WindowsStandaloneSupport/UnityEditor.WindowsStandalone.Extensions.dll
Registered in 0.002333 seconds.
Native extension for WindowsStandalone target not found
Refreshing native plugins compatible for Editor in 102.88 ms, found 27 plugins.
Preloading 4 native plugins for Editor in 0.40 ms.
Mono: successfully reloaded assembly
- Completed reload, in  1.291 seconds
Domain Reload Profiling:
	ReloadAssembly (1291ms)
		BeginReloadAssembly (52ms)
			ExecutionOrderSort (0ms)
			DisableScriptedObjects (0ms)
			BackupInstance (0ms)
			ReleaseScriptingObjects (0ms)
			CreateAndSetChildDomain (1ms)
		EndReloadAssembly (520ms)
			LoadAssemblies (49ms)
			RebuildTransferFunctionScriptingTraits (0ms)
			SetupTypeCache (155ms)
			ReleaseScriptCaches (0ms)
			RebuildScriptCaches (33ms)
			SetupLoadedEditorAssemblies (240ms)
				LogAssemblyErrors (0ms)
				InitializePlatformSupportModulesInManaged (4ms)
				SetLoadedEditorAssemblies (0ms)
				RefreshPlugins (103ms)
				BeforeProcessingInitializeOnLoad (18ms)
				ProcessInitializeOnLoadAttributes (84ms)
				ProcessInitializeOnLoadMethodAttributes (30ms)
				AfterProcessingInitializeOnLoad (0ms)
				EditorAssembliesLoaded (0ms)
			ExecutionOrderSort2 (0ms)
			AwakeInstancesAfterBackupRestoration (0ms)
Platform modules already initialized, skipping
Registering precompiled user dll's ...
Registered in 0.035372 seconds.
Begin MonoManager ReloadAssembly
Native extension for WindowsStandalone target not found
Refreshing native plugins compatible for Editor in 111.14 ms, found 27 plugins.
Preloading 4 native plugins for Editor in 0.37 ms.
System.NullReferenceException: Object reference not set to an instance of an object
  at Vuforia.EditorClasses.ExtensionTypeProvider.GetVuforiaPackageAbsPath () [0x0004a] in <486525dc6e7f47ceb1055ca2da800b93>:0 
  at Vuforia.EditorClasses.ExtensionTypeProvider.IsPackageManager () [0x00000] in <486525dc6e7f47ceb1055ca2da800b93>:0 
  at Vuforia.EditorClasses.ExtensionTypeProvider.ResolvePluginType () [0x00009] in <486525dc6e7f47ceb1055ca2da800b93>:0 
  at Vuforia.EditorClasses.ExtensionTypeProvider.GetPluginType () [0x0000c] in <486525dc6e7f47ceb1055ca2da800b93>:0 
  at Vuforia.EditorClasses.VuforiaUtilities.IsVuforiaEnabledInPlayerSettings () [0x00000] in <486525dc6e7f47ceb1055ca2da800b93>:0 
  at VuforiaEnabledObserver..cctor () [0x00000] in <486525dc6e7f47ceb1055ca2da800b93>:0 
UnityEngine.StackTraceUtility:ExtractStackTrace ()
UnityEngine.DebugLogHandler:LogFormat (UnityEngine.LogType,UnityEngine.Object,string,object[])
UnityEngine.Logger:Log (UnityEngine.LogType,object)
UnityEngine.Debug:LogError (object)
UnityEditor.EditorAssemblies:ProcessInitializeOnLoadAttributes (System.Type[])

System.NullReferenceException: Object reference not set to an instance of an object
  at Vuforia.EditorClasses.ExtensionTypeProvider.GetVuforiaPackageAbsPath () [0x0004a] in <486525dc6e7f47ceb1055ca2da800b93>:0 
  at Vuforia.EditorClasses.ExtensionTypeProvider.IsPackageManager () [0x00000] in <486525dc6e7f47ceb1055ca2da800b93>:0 
  at Vuforia.EditorClasses.ExtensionTypeProvider.ResolvePluginType () [0x00009] in <486525dc6e7f47ceb1055ca2da800b93>:0 
  at Vuforia.EditorClasses.ExtensionTypeProvider.GetPluginType () [0x0000c] in <486525dc6e7f47ceb1055ca2da800b93>:0 
  at Vuforia.EditorClasses.VuforiaUtilities.IsVuforiaEnabledInPlayerSettings () [0x00000] in <486525dc6e7f47ceb1055ca2da800b93>:0 
  at Vuforia.EditorClasses.InitializeOnLoadVuforiaTaskRunner..cctor () [0x00015] in <486525dc6e7f47ceb1055ca2da800b93>:0 
UnityEngine.StackTraceUtility:ExtractStackTrace ()
UnityEngine.DebugLogHandler:LogFormat (UnityEngine.LogType,UnityEngine.Object,string,object[])
UnityEngine.Logger:Log (UnityEngine.LogType,object)
UnityEngine.Debug:LogError (object)
UnityEditor.EditorAssemblies:ProcessInitializeOnLoadAttributes (System.Type[])

Added DLL directory C:\Users\lesly\thecultivator\Library\PackageCache\com.microsoft.windows.mixedreality.dotnetwinrt@6a6d38d668d1-1633767285247\Plugins\x64 to the user search path.
UnityEngine.StackTraceUtility:ExtractStackTrace ()
UnityEngine.DebugLogHandler:LogFormat (UnityEngine.LogType,UnityEngine.Object,string,object[])
UnityEngine.Logger:Log (UnityEngine.LogType,object)
UnityEngine.Debug:Log (object)
Microsoft.Windows.MixedReality.DotNetWinRT.Init:.cctor () (at Library/PackageCache/com.microsoft.windows.mixedreality.dotnetwinrt@6a6d38d668d1-1633767285247/Editor/Microsoft.Windows.MixedReality.DotNetWinRT.Init.cs:46)
System.Runtime.CompilerServices.RuntimeHelpers:RunClassConstructor (System.RuntimeTypeHandle)
UnityEditor.EditorAssemblies:ProcessInitializeOnLoadAttributes (System.Type[])

(Filename: Library/PackageCache/com.microsoft.windows.mixedreality.dotnetwinrt@6a6d38d668d1-1633767285247/Editor/Microsoft.Windows.MixedReality.DotNetWinRT.Init.cs Line: 46)

[XR] OculusXRPlugin: registering subsystems
[XR] Unable to register display lifecyle provider: [1]
[XR] Oculus Input lifecycle provider registered.
[XR] Unable to register input lifecyle provider: [1]
System.Reflection.TargetInvocationException: Exception has been thrown by the target of an invocation. ---> System.NullReferenceException: Object reference not set to an instance of an object
  at Unity.XR.Oculus.OculusLoader.AssetPathToAbsolutePath (System.String assetPath) [0x00048] in C:\Users\lesly\thecultivator\Library\PackageCache\com.unity.xr.oculus@1.10.0\Runtime\OculusLoader.cs:250 
  at Unity.XR.Oculus.OculusLoader.EditorLoadOVRPlugin () [0x0007b] in C:\Users\lesly\thecultivator\Library\PackageCache\com.unity.xr.oculus@1.10.0\Runtime\OculusLoader.cs:235 
  at (wrapper managed-to-native) System.Reflection.MonoMethod.InternalInvoke(System.Reflection.MonoMethod,object,object[],System.Exception&)
  at System.Reflection.MonoMethod.Invoke (System.Object obj, System.Reflection.BindingFlags invokeAttr, System.Reflection.Binder binder, System.Object[] parameters, System.Globalization.CultureInfo culture) [0x00032] in <695d1cc93cca45069c528c15c9fdd749>:0 
   --- End of inner exception stack trace ---
  at System.Reflection.MonoMethod.Invoke (System.Object obj, System.Reflection.BindingFlags invokeAttr, System.Reflection.Binder binder, System.Object[] parameters, System.Globalization.CultureInfo culture) [0x00048] in <695d1cc93cca45069c528c15c9fdd749>:0 
  at System.Reflection.MethodBase.Invoke (System.Object obj, System.Object[] parameters) [0x00000] in <695d1cc93cca45069c528c15c9fdd749>:0 
  at UnityEditor.EditorAssemblies.ProcessInitializeOnLoadMethodAttributes () [0x00047] in <83a38f5397d94e36a22efa3369c82390>:0 
UnityEngine.StackTraceUtility:ExtractStackTrace ()
UnityEngine.DebugLogHandler:LogFormat (UnityEngine.LogType,UnityEngine.Object,string,object[])
UnityEngine.Logger:Log (UnityEngine.LogType,object)
UnityEngine.Debug:LogError (object)
UnityEditor.EditorAssemblies:ProcessInitializeOnLoadMethodAttributes ()

[XR] Error loading subsystem: Display (1) (header mismatch?)
[XR] [MROpenXR][Info   ][18:59:42.077104][tid:9618] MeshProvider_RegisterLifecycleProvider
[XR] [MROpenXR][Info   ][18:59:42.077188][tid:9618] InputProvider_RegisterLifeCycleProvider
[XR] [MROpenXR][Info   ][18:59:42.078525][tid:9618] OnPluginStarted UnityVersion=2020.3.20f1 OpenXRPluginVersion=1.3.1 MROpenXRPluginVersion=1.4.0.0 PartA_PrivTags=33554432
Mono: successfully reloaded assembly
- Completed reload, in  3.249 seconds
Domain Reload Profiling:
	ReloadAssembly (3249ms)
		BeginReloadAssembly (161ms)
			ExecutionOrderSort (0ms)
			DisableScriptedObjects (6ms)
			BackupInstance (0ms)
			ReleaseScriptingObjects (0ms)
			CreateAndSetChildDomain (20ms)
		EndReloadAssembly (3001ms)
			LoadAssemblies (144ms)
			RebuildTransferFunctionScriptingTraits (0ms)
			SetupTypeCache (395ms)
			ReleaseScriptCaches (1ms)
			RebuildScriptCaches (73ms)
			SetupLoadedEditorAssemblies (2211ms)
				LogAssemblyErrors (0ms)
				InitializePlatformSupportModulesInManaged (5ms)
				SetLoadedEditorAssemblies (0ms)
				RefreshPlugins (112ms)
				BeforeProcessingInitializeOnLoad (164ms)
				ProcessInitializeOnLoadAttributes (1309ms)
				ProcessInitializeOnLoadMethodAttributes (612ms)
				AfterProcessingInitializeOnLoad (9ms)
				EditorAssembliesLoaded (0ms)
			ExecutionOrderSort2 (0ms)
			AwakeInstancesAfterBackupRestoration (6ms)
Platform modules already initialized, skipping
========================================================================
Worker process is ready to serve import requests
Launched and connected shader compiler UnityShaderCompiler.exe after 0.06 seconds
Refreshing native plugins compatible for Editor in 1.93 ms, found 27 plugins.
Preloading 4 native plugins for Editor in 0.39 ms.
Unloading 3920 Unused Serialized files (Serialized files now loaded: 0)
System memory in use before: 170.6 MB.
System memory in use after: 170.1 MB.

Unloading 710 unused Assets to reduce memory usage. Loaded Objects now: 4538.
Total: 5.894000 ms (FindLiveObjects: 0.500400 ms CreateObjectMapping: 0.306800 ms MarkObjects: 4.194800 ms  DeleteObjects: 0.890800 ms)

AssetImportParameters requested are different than current active one (requested -> active):
  custom:framework-win-MediaFoundation: 216162199b28c13a410421893ffa2e32 -> 
  custom:video-decoder-ogg-theora: a1e56fd34408186e4bbccfd4996cb3dc -> 
  custom:container-muxer-webm: aa71ff27fc2769a1b78a27578f13a17b -> 
  custom:container-demuxer-webm: 4f35f7cbe854078d1ac9338744f61a02 -> 
  custom:container-demuxer-ogg: 62fdf1f143b41e24485cea50d1cbac27 -> 
  custom:video-encoder-webm-vp8: eb34c28f22e8b96e1ab97ce403110664 -> 
  custom:video-codec-MediaFoundation-h265: 746d11721c4dcdbdad8f713fa42b33f4 -> 
  custom:video-decoder-webm-vp8: 9c59270c3fd7afecdb556c50c9e8de78 -> 
  custom:audio-decoder-ogg-vorbis: bf7c407c2cedff20999df2af8eb42d56 -> 
  custom:audio-encoder-webm-vorbis: bf7c407c2cedff20999df2af8eb42d56 -> 
========================================================================
Received Import Request.
  path: Assets/SampleResources/ligne.png
  artifactKey: Guid(0e6a9a33fafdd4048a499df63aef0afe) Importer(815301076,1909f56bfc062723c751e8b465ee728b)
Start importing Assets/SampleResources/ligne.png using Guid(0e6a9a33fafdd4048a499df63aef0afe) Importer(815301076,1909f56bfc062723c751e8b465ee728b)  -> (artifact id: '619a500bd58bc676de1e802ec201aa85') in 0.147513 seconds 
  Import took 0.154957 seconds .

========================================================================
Received Import Request.
  Time since last request: 9.202423 seconds.
  path: Assets/SampleResources/ligne.png
  artifactKey: Guid(0e6a9a33fafdd4048a499df63aef0afe) Importer(815301076,1909f56bfc062723c751e8b465ee728b)
Start importing Assets/SampleResources/ligne.png using Guid(0e6a9a33fafdd4048a499df63aef0afe) Importer(815301076,1909f56bfc062723c751e8b465ee728b)  -> (artifact id: '95ca99b734632f95ad477a6b4ae5ea22') in 0.054834 seconds 
  Import took 0.063807 seconds .

========================================================================
Received Prepare
Refreshing native plugins compatible for Editor in 53.46 ms, found 27 plugins.
Preloading 4 native plugins for Editor in 0.45 ms.
Unloading 91 Unused Serialized files (Serialized files now loaded: 0)
System memory in use before: 82.3 MB.
System memory in use after: 82.5 MB.

Unloading 91 unused Assets to reduce memory usage. Loaded Objects now: 4544.
Total: 7.459800 ms (FindLiveObjects: 0.553900 ms CreateObjectMapping: 0.369400 ms MarkObjects: 6.324700 ms  DeleteObjects: 0.210800 ms)

AssetImportParameters requested are different than current active one (requested -> active):
  custom:framework-win-MediaFoundation: 216162199b28c13a410421893ffa2e32 -> 
  custom:video-decoder-ogg-theora: a1e56fd34408186e4bbccfd4996cb3dc -> 
  custom:container-muxer-webm: aa71ff27fc2769a1b78a27578f13a17b -> 
  custom:container-demuxer-webm: 4f35f7cbe854078d1ac9338744f61a02 -> 
  custom:container-demuxer-ogg: 62fdf1f143b41e24485cea50d1cbac27 -> 
  custom:video-encoder-webm-vp8: eb34c28f22e8b96e1ab97ce403110664 -> 
  custom:video-codec-MediaFoundation-h265: 746d11721c4dcdbdad8f713fa42b33f4 -> 
  custom:video-decoder-webm-vp8: 9c59270c3fd7afecdb556c50c9e8de78 -> 
  custom:audio-decoder-ogg-vorbis: bf7c407c2cedff20999df2af8eb42d56 -> 
  custom:audio-encoder-webm-vorbis: bf7c407c2cedff20999df2af8eb42d56 -> 
========================================================================
Received Import Request.
  Time since last request: 716.401047 seconds.
  path: Assets/ligne 1.png
  artifactKey: Guid(b7f4b7832cb9ce945804cde35722b27f) Importer(815301076,1909f56bfc062723c751e8b465ee728b)
Start importing Assets/ligne 1.png using Guid(b7f4b7832cb9ce945804cde35722b27f) Importer(815301076,1909f56bfc062723c751e8b465ee728b)  -> (artifact id: 'c93e9676f0738bc830588be17ac1f3f5') in 0.021546 seconds 
  Import took 0.030794 seconds .

========================================================================
Received Import Request.
  Time since last request: 0.000363 seconds.
  path: Assets/ligne2.png
  artifactKey: Guid(b9bf07e9b1c8a1f498c9245aa4993dd4) Importer(815301076,1909f56bfc062723c751e8b465ee728b)
Start importing Assets/ligne2.png using Guid(b9bf07e9b1c8a1f498c9245aa4993dd4) Importer(815301076,1909f56bfc062723c751e8b465ee728b)  -> (artifact id: '7be0e8254090209103fcaba6ce5b2a19') in 0.010563 seconds 
  Import took 0.016301 seconds .

========================================================================
Received Import Request.
  Time since last request: 19.930673 seconds.
  path: Assets/pointille-m14129.png
  artifactKey: Guid(eb14b950b96c6884ca03ece5cd310322) Importer(815301076,1909f56bfc062723c751e8b465ee728b)
Start importing Assets/pointille-m14129.png using Guid(eb14b950b96c6884ca03ece5cd310322) Importer(815301076,1909f56bfc062723c751e8b465ee728b)  -> (artifact id: '6df50b9aecc3a899870b9759abf11254') in 0.037581 seconds 
  Import took 0.045518 seconds .

========================================================================
Received Import Request.
  Time since last request: 14.800037 seconds.
  path: Assets/ligne2.png
  artifactKey: Guid(b9bf07e9b1c8a1f498c9245aa4993dd4) Importer(815301076,1909f56bfc062723c751e8b465ee728b)
Start importing Assets/ligne2.png using Guid(b9bf07e9b1c8a1f498c9245aa4993dd4) Importer(815301076,1909f56bfc062723c751e8b465ee728b)  -> (artifact id: '8e2c3d485ddd747a91f749a020bbc0eb') in 0.033509 seconds 
  Import took 0.041508 seconds .

========================================================================
Received Import Request.
  Time since last request: 145.505673 seconds.
  path: Assets/ligne3.png
  artifactKey: Guid(ea29aba817e45064f8e20435b53ef67a) Importer(815301076,1909f56bfc062723c751e8b465ee728b)
Start importing Assets/ligne3.png using Guid(ea29aba817e45064f8e20435b53ef67a) Importer(815301076,1909f56bfc062723c751e8b465ee728b)  -> (artifact id: '4a3a07477c6ae108f84f6c47496463df') in 0.026364 seconds 
  Import took 0.034580 seconds .

========================================================================
Received Import Request.
  Time since last request: 10.551417 seconds.
  path: Assets/ligne3.png
  artifactKey: Guid(ea29aba817e45064f8e20435b53ef67a) Importer(815301076,1909f56bfc062723c751e8b465ee728b)
Start importing Assets/ligne3.png using Guid(ea29aba817e45064f8e20435b53ef67a) Importer(815301076,1909f56bfc062723c751e8b465ee728b)  -> (artifact id: 'e36746a1543e305ff024414f47ddbdfe') in 0.026418 seconds 
  Import took 0.032868 seconds .

========================================================================
Received Import Request.
  Time since last request: 41.791281 seconds.
  path: Assets/ligne.png
  artifactKey: Guid(598b80cfb83eb234c8ee7a8e9f752255) Importer(815301076,1909f56bfc062723c751e8b465ee728b)
Start importing Assets/ligne.png using Guid(598b80cfb83eb234c8ee7a8e9f752255) Importer(815301076,1909f56bfc062723c751e8b465ee728b)  -> (artifact id: '4a67b79fa1d2396e5906d406790a3a71') in 0.025340 seconds 
  Import took 0.034896 seconds .

========================================================================
Received Import Request.
  Time since last request: 12.942763 seconds.
  path: Assets/ligne.png
  artifactKey: Guid(598b80cfb83eb234c8ee7a8e9f752255) Importer(815301076,1909f56bfc062723c751e8b465ee728b)
Start importing Assets/ligne.png using Guid(598b80cfb83eb234c8ee7a8e9f752255) Importer(815301076,1909f56bfc062723c751e8b465ee728b)  -> (artifact id: '38e40cbd579b068c73c60ce07ad4d5de') in 0.023436 seconds 
  Import took 0.029845 seconds .

========================================================================
Received Import Request.
  Time since last request: 7.881772 seconds.
  path: Assets/ligne.png
  artifactKey: Guid(598b80cfb83eb234c8ee7a8e9f752255) Importer(815301076,1909f56bfc062723c751e8b465ee728b)
Start importing Assets/ligne.png using Guid(598b80cfb83eb234c8ee7a8e9f752255) Importer(815301076,1909f56bfc062723c751e8b465ee728b)  -> (artifact id: '1aa3b6c376a0cd29a21a2f26ea1dfa66') in 0.029530 seconds 
  Import took 0.035628 seconds .

========================================================================
Received Import Request.
  Time since last request: 15.078759 seconds.
  path: Assets/ligne.png
  artifactKey: Guid(598b80cfb83eb234c8ee7a8e9f752255) Importer(815301076,1909f56bfc062723c751e8b465ee728b)
Start importing Assets/ligne.png using Guid(598b80cfb83eb234c8ee7a8e9f752255) Importer(815301076,1909f56bfc062723c751e8b465ee728b)  -> (artifact id: 'db337a582d6c6333777e9eb4dbeef0e7') in 0.031791 seconds 
  Import took 0.039159 seconds .

========================================================================
Received Import Request.
  Time since last request: 281.828111 seconds.
  path: Assets/kisspng-line-clip-art-​​rail-5ae0f3fd1cfbd2.3703658815246919651187.jpg
  artifactKey: Guid(efb3ed457f7044f45a72a7d8ce3c8a44) Importer(815301076,1909f56bfc062723c751e8b465ee728b)
Start importing Assets/kisspng-line-clip-art-​​rail-5ae0f3fd1cfbd2.3703658815246919651187.jpg using Guid(efb3ed457f7044f45a72a7d8ce3c8a44) Importer(815301076,1909f56bfc062723c751e8b465ee728b)  -> (artifact id: 'f92257e268fe470ccb8082e08e57e0ba') in 0.038253 seconds 
  Import took 0.048193 seconds .

========================================================================
Received Import Request.
  Time since last request: 18.587031 seconds.
  path: Assets/kisspng-line-clip-art-​​rail-5ae0f3fd1cfbd2.3703658815246919651187.jpg
  artifactKey: Guid(efb3ed457f7044f45a72a7d8ce3c8a44) Importer(815301076,1909f56bfc062723c751e8b465ee728b)
Start importing Assets/kisspng-line-clip-art-​​rail-5ae0f3fd1cfbd2.3703658815246919651187.jpg using Guid(efb3ed457f7044f45a72a7d8ce3c8a44) Importer(815301076,1909f56bfc062723c751e8b465ee728b)  -> (artifact id: '4b2ba425dd265850b10202506bb855e5') in 0.027143 seconds 
  Import took 0.034880 seconds .

========================================================================
Received Import Request.
  Time since last request: 507.517686 seconds.
  path: Assets/test.drawio.png
  artifactKey: Guid(562618aece939064a9ff828a16f092b4) Importer(815301076,1909f56bfc062723c751e8b465ee728b)
Start importing Assets/test.drawio.png using Guid(562618aece939064a9ff828a16f092b4) Importer(815301076,1909f56bfc062723c751e8b465ee728b)  -> (artifact id: '1cbdc267db17a25e256919efd5d4af3c') in 0.023720 seconds 
  Import took 0.032733 seconds .

========================================================================
Received Import Request.
  Time since last request: 26.582428 seconds.
  path: Assets/test.drawio.png
  artifactKey: Guid(562618aece939064a9ff828a16f092b4) Importer(815301076,1909f56bfc062723c751e8b465ee728b)
Start importing Assets/test.drawio.png using Guid(562618aece939064a9ff828a16f092b4) Importer(815301076,1909f56bfc062723c751e8b465ee728b)  -> (artifact id: '8524e4ce5e5ff6a9ff8159a572be6e2c') in 0.039615 seconds 
  Import took 0.048065 seconds .

========================================================================
Received Prepare
Refreshing native plugins compatible for Editor in 46.33 ms, found 27 plugins.
Preloading 4 native plugins for Editor in 0.34 ms.
Unloading 91 Unused Serialized files (Serialized files now loaded: 0)
System memory in use before: 82.5 MB.
System memory in use after: 82.6 MB.

Unloading 91 unused Assets to reduce memory usage. Loaded Objects now: 4549.
Total: 6.661300 ms (FindLiveObjects: 0.417800 ms CreateObjectMapping: 0.227800 ms MarkObjects: 5.846100 ms  DeleteObjects: 0.141300 ms)

AssetImportParameters requested are different than current active one (requested -> active):
  custom:framework-win-MediaFoundation: 216162199b28c13a410421893ffa2e32 -> 
  custom:video-decoder-ogg-theora: a1e56fd34408186e4bbccfd4996cb3dc -> 
  custom:container-muxer-webm: aa71ff27fc2769a1b78a27578f13a17b -> 
  custom:container-demuxer-webm: 4f35f7cbe854078d1ac9338744f61a02 -> 
  custom:container-demuxer-ogg: 62fdf1f143b41e24485cea50d1cbac27 -> 
  custom:video-encoder-webm-vp8: eb34c28f22e8b96e1ab97ce403110664 -> 
  custom:video-codec-MediaFoundation-h265: 746d11721c4dcdbdad8f713fa42b33f4 -> 
  custom:video-decoder-webm-vp8: 9c59270c3fd7afecdb556c50c9e8de78 -> 
  custom:audio-decoder-ogg-vorbis: bf7c407c2cedff20999df2af8eb42d56 -> 
  custom:audio-encoder-webm-vorbis: bf7c407c2cedff20999df2af8eb42d56 -> 
========================================================================
Received Prepare
Refreshing native plugins compatible for Editor in 45.69 ms, found 27 plugins.
Preloading 4 native plugins for Editor in 0.39 ms.
Unloading 91 Unused Serialized files (Serialized files now loaded: 0)
System memory in use before: 82.5 MB.
System memory in use after: 82.6 MB.

Unloading 91 unused Assets to reduce memory usage. Loaded Objects now: 4549.
Total: 6.928800 ms (FindLiveObjects: 0.492600 ms CreateObjectMapping: 0.290100 ms MarkObjects: 5.996800 ms  DeleteObjects: 0.147500 ms)

AssetImportParameters requested are different than current active one (requested -> active):
  custom:framework-win-MediaFoundation: 216162199b28c13a410421893ffa2e32 -> 
  custom:video-decoder-ogg-theora: a1e56fd34408186e4bbccfd4996cb3dc -> 
  custom:container-muxer-webm: aa71ff27fc2769a1b78a27578f13a17b -> 
  custom:container-demuxer-webm: 4f35f7cbe854078d1ac9338744f61a02 -> 
  custom:container-demuxer-ogg: 62fdf1f143b41e24485cea50d1cbac27 -> 
  custom:video-encoder-webm-vp8: eb34c28f22e8b96e1ab97ce403110664 -> 
  custom:video-codec-MediaFoundation-h265: 746d11721c4dcdbdad8f713fa42b33f4 -> 
  custom:video-decoder-webm-vp8: 9c59270c3fd7afecdb556c50c9e8de78 -> 
  custom:audio-decoder-ogg-vorbis: bf7c407c2cedff20999df2af8eb42d56 -> 
  custom:audio-encoder-webm-vorbis: bf7c407c2cedff20999df2af8eb42d56 -> 
========================================================================
Received Prepare
Registering precompiled user dll's ...
Registered in 0.077724 seconds.
Begin MonoManager ReloadAssembly
Native extension for WindowsStandalone target not found
Refreshing native plugins compatible for Editor in 2.22 ms, found 27 plugins.
Preloading 4 native plugins for Editor in 0.44 ms.
System.NullReferenceException: Object reference not set to an instance of an object
  at Vuforia.EditorClasses.ExtensionTypeProvider.GetVuforiaPackageAbsPath () [0x0004a] in <486525dc6e7f47ceb1055ca2da800b93>:0 
  at Vuforia.EditorClasses.ExtensionTypeProvider.IsPackageManager () [0x00000] in <486525dc6e7f47ceb1055ca2da800b93>:0 
  at Vuforia.EditorClasses.ExtensionTypeProvider.ResolvePluginType () [0x00009] in <486525dc6e7f47ceb1055ca2da800b93>:0 
  at Vuforia.EditorClasses.ExtensionTypeProvider.GetPluginType () [0x0000c] in <486525dc6e7f47ceb1055ca2da800b93>:0 
  at Vuforia.EditorClasses.VuforiaUtilities.IsVuforiaEnabledInPlayerSettings () [0x00000] in <486525dc6e7f47ceb1055ca2da800b93>:0 
  at VuforiaEnabledObserver..cctor () [0x00000] in <486525dc6e7f47ceb1055ca2da800b93>:0 
UnityEngine.StackTraceUtility:ExtractStackTrace ()
UnityEngine.DebugLogHandler:LogFormat (UnityEngine.LogType,UnityEngine.Object,string,object[])
UnityEngine.Logger:Log (UnityEngine.LogType,object)
UnityEngine.Debug:LogError (object)
UnityEditor.EditorAssemblies:ProcessInitializeOnLoadAttributes (System.Type[])

System.NullReferenceException: Object reference not set to an instance of an object
  at Vuforia.EditorClasses.ExtensionTypeProvider.GetVuforiaPackageAbsPath () [0x0004a] in <486525dc6e7f47ceb1055ca2da800b93>:0 
  at Vuforia.EditorClasses.ExtensionTypeProvider.IsPackageManager () [0x00000] in <486525dc6e7f47ceb1055ca2da800b93>:0 
  at Vuforia.EditorClasses.ExtensionTypeProvider.ResolvePluginType () [0x00009] in <486525dc6e7f47ceb1055ca2da800b93>:0 
  at Vuforia.EditorClasses.ExtensionTypeProvider.GetPluginType () [0x0000c] in <486525dc6e7f47ceb1055ca2da800b93>:0 
  at Vuforia.EditorClasses.VuforiaUtilities.IsVuforiaEnabledInPlayerSettings () [0x00000] in <486525dc6e7f47ceb1055ca2da800b93>:0 
  at Vuforia.EditorClasses.InitializeOnLoadVuforiaTaskRunner..cctor () [0x00015] in <486525dc6e7f47ceb1055ca2da800b93>:0 
UnityEngine.StackTraceUtility:ExtractStackTrace ()
UnityEngine.DebugLogHandler:LogFormat (UnityEngine.LogType,UnityEngine.Object,string,object[])
UnityEngine.Logger:Log (UnityEngine.LogType,object)
UnityEngine.Debug:LogError (object)
UnityEditor.EditorAssemblies:ProcessInitializeOnLoadAttributes (System.Type[])

System.Reflection.TargetInvocationException: Exception has been thrown by the target of an invocation. ---> System.NullReferenceException: Object reference not set to an instance of an object
  at Unity.XR.Oculus.OculusLoader.AssetPathToAbsolutePath (System.String assetPath) [0x00048] in C:\Users\lesly\thecultivator\Library\PackageCache\com.unity.xr.oculus@1.10.0\Runtime\OculusLoader.cs:250 
  at Unity.XR.Oculus.OculusLoader.EditorLoadOVRPlugin () [0x0007b] in C:\Users\lesly\thecultivator\Library\PackageCache\com.unity.xr.oculus@1.10.0\Runtime\OculusLoader.cs:235 
  at (wrapper managed-to-native) System.Reflection.MonoMethod.InternalInvoke(System.Reflection.MonoMethod,object,object[],System.Exception&)
  at System.Reflection.MonoMethod.Invoke (System.Object obj, System.Reflection.BindingFlags invokeAttr, System.Reflection.Binder binder, System.Object[] parameters, System.Globalization.CultureInfo culture) [0x00032] in <695d1cc93cca45069c528c15c9fdd749>:0 
   --- End of inner exception stack trace ---
  at System.Reflection.MonoMethod.Invoke (System.Object obj, System.Reflection.BindingFlags invokeAttr, System.Reflection.Binder binder, System.Object[] parameters, System.Globalization.CultureInfo culture) [0x00048] in <695d1cc93cca45069c528c15c9fdd749>:0 
  at System.Reflection.MethodBase.Invoke (System.Object obj, System.Object[] parameters) [0x00000] in <695d1cc93cca45069c528c15c9fdd749>:0 
  at UnityEditor.EditorAssemblies.ProcessInitializeOnLoadMethodAttributes () [0x00047] in <83a38f5397d94e36a22efa3369c82390>:0 
UnityEngine.StackTraceUtility:ExtractStackTrace ()
UnityEngine.DebugLogHandler:LogFormat (UnityEngine.LogType,UnityEngine.Object,string,object[])
UnityEngine.Logger:Log (UnityEngine.LogType,object)
UnityEngine.Debug:LogError (object)
UnityEditor.EditorAssemblies:ProcessInitializeOnLoadMethodAttributes ()

Error when attempting to update scene info fields. Scene info data may be stale.
UnityEngine.StackTraceUtility:ExtractStackTrace ()
UnityEngine.DebugLogHandler:LogFormat (UnityEngine.LogType,UnityEngine.Object,string,object[])
UnityEngine.Logger:Log (UnityEngine.LogType,object)
UnityEngine.Debug:LogWarning (object)
Microsoft.MixedReality.Toolkit.Editor.SceneInfoUtils:RefreshSceneInfoFieldsInScriptableObjects () (at Library/PackageCache/com.microsoft.mixedreality.toolkit.foundation@4b2a7bd434ce-1640779111485/Core/Inspectors/PropertyDrawers/SceneInfoUtils.cs:313)
Microsoft.MixedReality.Toolkit.Editor.SceneInfoUtils:InitializeOnLoad () (at Library/PackageCache/com.microsoft.mixedreality.toolkit.foundation@4b2a7bd434ce-1640779111485/Core/Inspectors/PropertyDrawers/SceneInfoUtils.cs:231)
System.Reflection.MonoMethod:Invoke (object,System.Reflection.BindingFlags,System.Reflection.Binder,object[],System.Globalization.CultureInfo)
System.Reflection.MethodBase:Invoke (object,object[])
UnityEditor.EditorAssemblies:ProcessInitializeOnLoadMethodAttributes ()

(Filename: Library/PackageCache/com.microsoft.mixedreality.toolkit.foundation@4b2a7bd434ce-1640779111485/Core/Inspectors/PropertyDrawers/SceneInfoUtils.cs Line: 313)

Mono: successfully reloaded assembly
- Completed reload, in  2.972 seconds
Domain Reload Profiling:
	ReloadAssembly (2973ms)
		BeginReloadAssembly (186ms)
			ExecutionOrderSort (0ms)
			DisableScriptedObjects (6ms)
			BackupInstance (0ms)
			ReleaseScriptingObjects (0ms)
			CreateAndSetChildDomain (66ms)
		EndReloadAssembly (2687ms)
			LoadAssemblies (165ms)
			RebuildTransferFunctionScriptingTraits (0ms)
			SetupTypeCache (525ms)
			ReleaseScriptCaches (1ms)
			RebuildScriptCaches (60ms)
			SetupLoadedEditorAssemblies (1675ms)
				LogAssemblyErrors (0ms)
				InitializePlatformSupportModulesInManaged (5ms)
				SetLoadedEditorAssemblies (1ms)
				RefreshPlugins (3ms)
				BeforeProcessingInitializeOnLoad (170ms)
				ProcessInitializeOnLoadAttributes (1181ms)
				ProcessInitializeOnLoadMethodAttributes (302ms)
				AfterProcessingInitializeOnLoad (13ms)
				EditorAssembliesLoaded (0ms)
			ExecutionOrderSort2 (0ms)
			AwakeInstancesAfterBackupRestoration (13ms)
Platform modules already initialized, skipping
Switching build target platform(19) subTarget(0) extendedPlatform(0) -> platform(21) subTarget(3) extendedPlatform(0)
Refreshing native plugins compatible for Editor in 2.10 ms, found 27 plugins.
Preloading 4 native plugins for Editor in 0.42 ms.
Unloading 3716 Unused Serialized files (Serialized files now loaded: 0)
System memory in use before: 153.0 MB.
System memory in use after: 152.8 MB.

Unloading 154 unused Assets to reduce memory usage. Loaded Objects now: 4552.
Total: 5.671000 ms (FindLiveObjects: 0.581400 ms CreateObjectMapping: 0.360200 ms MarkObjects: 4.396300 ms  DeleteObjects: 0.331200 ms)

AssetImportParameters requested are different than current active one (requested -> active):
  custom:framework-win-MediaFoundation: 216162199b28c13a410421893ffa2e32 -> 
  custom:video-decoder-ogg-theora: a1e56fd34408186e4bbccfd4996cb3dc -> 
  custom:container-muxer-webm: aa71ff27fc2769a1b78a27578f13a17b -> 
  custom:container-demuxer-webm: 4f35f7cbe854078d1ac9338744f61a02 -> 
  custom:container-demuxer-ogg: 62fdf1f143b41e24485cea50d1cbac27 -> 
  custom:video-encoder-webm-vp8: eb34c28f22e8b96e1ab97ce403110664 -> 
  custom:video-codec-MediaFoundation-h265: 746d11721c4dcdbdad8f713fa42b33f4 -> 
  custom:video-decoder-webm-vp8: 9c59270c3fd7afecdb556c50c9e8de78 -> 
  custom:audio-decoder-ogg-vorbis: bf7c407c2cedff20999df2af8eb42d56 -> 
  custom:audio-encoder-webm-vorbis: bf7c407c2cedff20999df2af8eb42d56 -> 
========================================================================
Received Prepare
Refreshing native plugins compatible for Editor in 50.43 ms, found 27 plugins.
Preloading 4 native plugins for Editor in 0.44 ms.
Unloading 91 Unused Serialized files (Serialized files now loaded: 0)
System memory in use before: 79.7 MB.
System memory in use after: 79.8 MB.

Unloading 91 unused Assets to reduce memory usage. Loaded Objects now: 4552.
Total: 5.291600 ms (FindLiveObjects: 0.520700 ms CreateObjectMapping: 0.313800 ms MarkObjects: 4.287500 ms  DeleteObjects: 0.168000 ms)

AssetImportParameters requested are different than current active one (requested -> active):
  custom:framework-win-MediaFoundation: 216162199b28c13a410421893ffa2e32 -> 
  custom:video-decoder-ogg-theora: a1e56fd34408186e4bbccfd4996cb3dc -> 
  custom:container-muxer-webm: aa71ff27fc2769a1b78a27578f13a17b -> 
  custom:container-demuxer-webm: 4f35f7cbe854078d1ac9338744f61a02 -> 
  custom:container-demuxer-ogg: 62fdf1f143b41e24485cea50d1cbac27 -> 
  custom:video-encoder-webm-vp8: eb34c28f22e8b96e1ab97ce403110664 -> 
  custom:video-codec-MediaFoundation-h265: 746d11721c4dcdbdad8f713fa42b33f4 -> 
  custom:video-decoder-webm-vp8: 9c59270c3fd7afecdb556c50c9e8de78 -> 
  custom:audio-decoder-ogg-vorbis: bf7c407c2cedff20999df2af8eb42d56 -> 
  custom:audio-encoder-webm-vorbis: bf7c407c2cedff20999df2af8eb42d56 -> 
========================================================================
Received Prepare
Registering precompiled user dll's ...
Registered in 0.042612 seconds.
Begin MonoManager ReloadAssembly
Native extension for WindowsStandalone target not found
Refreshing native plugins compatible for Editor in 2.23 ms, found 27 plugins.
Preloading 4 native plugins for Editor in 0.44 ms.
System.NullReferenceException: Object reference not set to an instance of an object
  at Vuforia.EditorClasses.ExtensionTypeProvider.GetVuforiaPackageAbsPath () [0x0004a] in <486525dc6e7f47ceb1055ca2da800b93>:0 
  at Vuforia.EditorClasses.ExtensionTypeProvider.IsPackageManager () [0x00000] in <486525dc6e7f47ceb1055ca2da800b93>:0 
  at Vuforia.EditorClasses.ExtensionTypeProvider.ResolvePluginType () [0x00009] in <486525dc6e7f47ceb1055ca2da800b93>:0 
  at Vuforia.EditorClasses.ExtensionTypeProvider.GetPluginType () [0x0000c] in <486525dc6e7f47ceb1055ca2da800b93>:0 
  at Vuforia.EditorClasses.VuforiaUtilities.IsVuforiaEnabledInPlayerSettings () [0x00000] in <486525dc6e7f47ceb1055ca2da800b93>:0 
  at VuforiaEnabledObserver..cctor () [0x00000] in <486525dc6e7f47ceb1055ca2da800b93>:0 
UnityEngine.StackTraceUtility:ExtractStackTrace ()
UnityEngine.DebugLogHandler:LogFormat (UnityEngine.LogType,UnityEngine.Object,string,object[])
UnityEngine.Logger:Log (UnityEngine.LogType,object)
UnityEngine.Debug:LogError (object)
UnityEditor.EditorAssemblies:ProcessInitializeOnLoadAttributes (System.Type[])

System.NullReferenceException: Object reference not set to an instance of an object
  at Vuforia.EditorClasses.ExtensionTypeProvider.GetVuforiaPackageAbsPath () [0x0004a] in <486525dc6e7f47ceb1055ca2da800b93>:0 
  at Vuforia.EditorClasses.ExtensionTypeProvider.IsPackageManager () [0x00000] in <486525dc6e7f47ceb1055ca2da800b93>:0 
  at Vuforia.EditorClasses.ExtensionTypeProvider.ResolvePluginType () [0x00009] in <486525dc6e7f47ceb1055ca2da800b93>:0 
  at Vuforia.EditorClasses.ExtensionTypeProvider.GetPluginType () [0x0000c] in <486525dc6e7f47ceb1055ca2da800b93>:0 
  at Vuforia.EditorClasses.VuforiaUtilities.IsVuforiaEnabledInPlayerSettings () [0x00000] in <486525dc6e7f47ceb1055ca2da800b93>:0 
  at Vuforia.EditorClasses.InitializeOnLoadVuforiaTaskRunner..cctor () [0x00015] in <486525dc6e7f47ceb1055ca2da800b93>:0 
UnityEngine.StackTraceUtility:ExtractStackTrace ()
UnityEngine.DebugLogHandler:LogFormat (UnityEngine.LogType,UnityEngine.Object,string,object[])
UnityEngine.Logger:Log (UnityEngine.LogType,object)
UnityEngine.Debug:LogError (object)
UnityEditor.EditorAssemblies:ProcessInitializeOnLoadAttributes (System.Type[])

System.Reflection.TargetInvocationException: Exception has been thrown by the target of an invocation. ---> System.NullReferenceException: Object reference not set to an instance of an object
  at Unity.XR.Oculus.OculusLoader.AssetPathToAbsolutePath (System.String assetPath) [0x00048] in C:\Users\lesly\thecultivator\Library\PackageCache\com.unity.xr.oculus@1.10.0\Runtime\OculusLoader.cs:250 
  at Unity.XR.Oculus.OculusLoader.EditorLoadOVRPlugin () [0x0007b] in C:\Users\lesly\thecultivator\Library\PackageCache\com.unity.xr.oculus@1.10.0\Runtime\OculusLoader.cs:235 
  at (wrapper managed-to-native) System.Reflection.MonoMethod.InternalInvoke(System.Reflection.MonoMethod,object,object[],System.Exception&)
  at System.Reflection.MonoMethod.Invoke (System.Object obj, System.Reflection.BindingFlags invokeAttr, System.Reflection.Binder binder, System.Object[] parameters, System.Globalization.CultureInfo culture) [0x00032] in <695d1cc93cca45069c528c15c9fdd749>:0 
   --- End of inner exception stack trace ---
  at System.Reflection.MonoMethod.Invoke (System.Object obj, System.Reflection.BindingFlags invokeAttr, System.Reflection.Binder binder, System.Object[] parameters, System.Globalization.CultureInfo culture) [0x00048] in <695d1cc93cca45069c528c15c9fdd749>:0 
  at System.Reflection.MethodBase.Invoke (System.Object obj, System.Object[] parameters) [0x00000] in <695d1cc93cca45069c528c15c9fdd749>:0 
  at UnityEditor.EditorAssemblies.ProcessInitializeOnLoadMethodAttributes () [0x00047] in <83a38f5397d94e36a22efa3369c82390>:0 
UnityEngine.StackTraceUtility:ExtractStackTrace ()
UnityEngine.DebugLogHandler:LogFormat (UnityEngine.LogType,UnityEngine.Object,string,object[])
UnityEngine.Logger:Log (UnityEngine.LogType,object)
UnityEngine.Debug:LogError (object)
UnityEditor.EditorAssemblies:ProcessInitializeOnLoadMethodAttributes ()

Error when attempting to update scene info fields. Scene info data may be stale.
UnityEngine.StackTraceUtility:ExtractStackTrace ()
UnityEngine.DebugLogHandler:LogFormat (UnityEngine.LogType,UnityEngine.Object,string,object[])
UnityEngine.Logger:Log (UnityEngine.LogType,object)
UnityEngine.Debug:LogWarning (object)
Microsoft.MixedReality.Toolkit.Editor.SceneInfoUtils:RefreshSceneInfoFieldsInScriptableObjects () (at Library/PackageCache/com.microsoft.mixedreality.toolkit.foundation@4b2a7bd434ce-1640779111485/Core/Inspectors/PropertyDrawers/SceneInfoUtils.cs:313)
Microsoft.MixedReality.Toolkit.Editor.SceneInfoUtils:InitializeOnLoad () (at Library/PackageCache/com.microsoft.mixedreality.toolkit.foundation@4b2a7bd434ce-1640779111485/Core/Inspectors/PropertyDrawers/SceneInfoUtils.cs:231)
System.Reflection.MonoMethod:Invoke (object,System.Reflection.BindingFlags,System.Reflection.Binder,object[],System.Globalization.CultureInfo)
System.Reflection.MethodBase:Invoke (object,object[])
UnityEditor.EditorAssemblies:ProcessInitializeOnLoadMethodAttributes ()

(Filename: Library/PackageCache/com.microsoft.mixedreality.toolkit.foundation@4b2a7bd434ce-1640779111485/Core/Inspectors/PropertyDrawers/SceneInfoUtils.cs Line: 313)

Mono: successfully reloaded assembly
- Completed reload, in  2.986 seconds
Domain Reload Profiling:
	ReloadAssembly (2987ms)
		BeginReloadAssembly (181ms)
			ExecutionOrderSort (0ms)
			DisableScriptedObjects (6ms)
			BackupInstance (0ms)
			ReleaseScriptingObjects (0ms)
			CreateAndSetChildDomain (66ms)
		EndReloadAssembly (2706ms)
			LoadAssemblies (169ms)
			RebuildTransferFunctionScriptingTraits (0ms)
			SetupTypeCache (496ms)
			ReleaseScriptCaches (1ms)
			RebuildScriptCaches (61ms)
			SetupLoadedEditorAssemblies (1723ms)
				LogAssemblyErrors (0ms)
				InitializePlatformSupportModulesInManaged (5ms)
				SetLoadedEditorAssemblies (1ms)
				RefreshPlugins (3ms)
				BeforeProcessingInitializeOnLoad (171ms)
				ProcessInitializeOnLoadAttributes (1231ms)
				ProcessInitializeOnLoadMethodAttributes (299ms)
				AfterProcessingInitializeOnLoad (13ms)
				EditorAssembliesLoaded (0ms)
			ExecutionOrderSort2 (0ms)
			AwakeInstancesAfterBackupRestoration (14ms)
Platform modules already initialized, skipping
Switching build target platform(19) subTarget(0) extendedPlatform(0) -> platform(21) subTarget(3) extendedPlatform(0)
Refreshing native plugins compatible for Editor in 2.16 ms, found 27 plugins.
Preloading 4 native plugins for Editor in 0.43 ms.
Unloading 3716 Unused Serialized files (Serialized files now loaded: 0)
System memory in use before: 153.0 MB.
System memory in use after: 152.8 MB.

Unloading 154 unused Assets to reduce memory usage. Loaded Objects now: 4555.
Total: 5.482900 ms (FindLiveObjects: 0.525800 ms CreateObjectMapping: 0.311300 ms MarkObjects: 4.302000 ms  DeleteObjects: 0.341800 ms)

AssetImportParameters requested are different than current active one (requested -> active):
  custom:framework-win-MediaFoundation: 216162199b28c13a410421893ffa2e32 -> 
  custom:video-decoder-ogg-theora: a1e56fd34408186e4bbccfd4996cb3dc -> 
  custom:container-muxer-webm: aa71ff27fc2769a1b78a27578f13a17b -> 
  custom:container-demuxer-webm: 4f35f7cbe854078d1ac9338744f61a02 -> 
  custom:container-demuxer-ogg: 62fdf1f143b41e24485cea50d1cbac27 -> 
  custom:video-encoder-webm-vp8: eb34c28f22e8b96e1ab97ce403110664 -> 
  custom:video-codec-MediaFoundation-h265: 746d11721c4dcdbdad8f713fa42b33f4 -> 
  custom:video-decoder-webm-vp8: 9c59270c3fd7afecdb556c50c9e8de78 -> 
  custom:audio-decoder-ogg-vorbis: bf7c407c2cedff20999df2af8eb42d56 -> 
  custom:audio-encoder-webm-vorbis: bf7c407c2cedff20999df2af8eb42d56 -> 
AssetImportWorkerClient::OnTransportError - code=2 error=End of file
